0 info it worked if it ends with ok
1 verbose cli [ '/Users/Will/.nvm/versions/node/v6.9.5/bin/node',
1 verbose cli   '/Users/Will/.nvm/versions/node/v6.9.5/bin/npm',
1 verbose cli   'install',
1 verbose cli   'stubby4node',
1 verbose cli   '--save-dev' ]
2 info using npm@3.10.10
3 info using node@v6.9.5
4 silly loadCurrentTree Starting
5 silly install loadCurrentTree
6 silly install readLocalPackageData
7 silly fetchPackageMetaData stubby4node
8 silly fetchNamedPackageData stubby4node
9 silly mapToRegistry name stubby4node
10 silly mapToRegistry using default registry
11 silly mapToRegistry registry https://nexus.cd.auspost.com.au/nexus/content/groups/auspost-ddc-npmjs
12 silly mapToRegistry data Result {
12 silly mapToRegistry   raw: 'stubby4node',
12 silly mapToRegistry   scope: null,
12 silly mapToRegistry   escapedName: 'stubby4node',
12 silly mapToRegistry   name: 'stubby4node',
12 silly mapToRegistry   rawSpec: '',
12 silly mapToRegistry   spec: 'latest',
12 silly mapToRegistry   type: 'tag' }
13 silly mapToRegistry uri https://nexus.cd.auspost.com.au/nexus/content/groups/auspost-ddc-npmjs/stubby4node
14 verbose request uri https://nexus.cd.auspost.com.au/nexus/content/groups/auspost-ddc-npmjs/stubby4node
15 verbose request no auth needed
16 info attempt registry request try #1 at 2:48:24 PM
17 verbose request id 22a3fcae280ae1b3
18 http request GET https://nexus.cd.auspost.com.au/nexus/content/groups/auspost-ddc-npmjs/stubby4node
19 http 404 https://nexus.cd.auspost.com.au/nexus/content/groups/auspost-ddc-npmjs/stubby4node
20 verbose headers { 'content-type': 'application/json',
20 verbose headers   date: 'Thu, 06 Apr 2017 04:48:24 GMT',
20 verbose headers   server: 'Nexus/3.2.0-01 (PRO)',
20 verbose headers   'x-content-type-options': 'nosniff',
20 verbose headers   'x-frame-options': 'SAMEORIGIN',
20 verbose headers   'content-length': '37',
20 verbose headers   connection: 'keep-alive' }
21 silly get cb [ 404,
21 silly get   { 'content-type': 'application/json',
21 silly get     date: 'Thu, 06 Apr 2017 04:48:24 GMT',
21 silly get     server: 'Nexus/3.2.0-01 (PRO)',
21 silly get     'x-content-type-options': 'nosniff',
21 silly get     'x-frame-options': 'SAMEORIGIN',
21 silly get     'content-length': '37',
21 silly get     connection: 'keep-alive' } ]
22 silly fetchPackageMetaData Error: Not found : nexus
22 silly fetchPackageMetaData     at makeError (/Users/Will/.nvm/versions/node/v6.9.5/lib/node_modules/npm/node_modules/npm-registry-client/lib/request.js:302:12)
22 silly fetchPackageMetaData     at CachingRegistryClient.<anonymous> (/Users/Will/.nvm/versions/node/v6.9.5/lib/node_modules/npm/node_modules/npm-registry-client/lib/request.js:290:14)
22 silly fetchPackageMetaData     at Request._callback (/Users/Will/.nvm/versions/node/v6.9.5/lib/node_modules/npm/node_modules/npm-registry-client/lib/request.js:210:14)
22 silly fetchPackageMetaData     at Request.self.callback (/Users/Will/.nvm/versions/node/v6.9.5/lib/node_modules/npm/node_modules/request/request.js:187:22)
22 silly fetchPackageMetaData     at emitTwo (events.js:106:13)
22 silly fetchPackageMetaData     at Request.emit (events.js:191:7)
22 silly fetchPackageMetaData     at Request.<anonymous> (/Users/Will/.nvm/versions/node/v6.9.5/lib/node_modules/npm/node_modules/request/request.js:1048:10)
22 silly fetchPackageMetaData     at emitOne (events.js:96:13)
22 silly fetchPackageMetaData     at Request.emit (events.js:188:7)
22 silly fetchPackageMetaData     at IncomingMessage.<anonymous> (/Users/Will/.nvm/versions/node/v6.9.5/lib/node_modules/npm/node_modules/request/request.js:969:12)
22 silly fetchPackageMetaData  error for stubby4node { Error: Not found : nexus
22 silly fetchPackageMetaData     at makeError (/Users/Will/.nvm/versions/node/v6.9.5/lib/node_modules/npm/node_modules/npm-registry-client/lib/request.js:302:12)
22 silly fetchPackageMetaData     at CachingRegistryClient.<anonymous> (/Users/Will/.nvm/versions/node/v6.9.5/lib/node_modules/npm/node_modules/npm-registry-client/lib/request.js:290:14)
22 silly fetchPackageMetaData     at Request._callback (/Users/Will/.nvm/versions/node/v6.9.5/lib/node_modules/npm/node_modules/npm-registry-client/lib/request.js:210:14)
22 silly fetchPackageMetaData     at Request.self.callback (/Users/Will/.nvm/versions/node/v6.9.5/lib/node_modules/npm/node_modules/request/request.js:187:22)
22 silly fetchPackageMetaData     at emitTwo (events.js:106:13)
22 silly fetchPackageMetaData     at Request.emit (events.js:191:7)
22 silly fetchPackageMetaData     at Request.<anonymous> (/Users/Will/.nvm/versions/node/v6.9.5/lib/node_modules/npm/node_modules/request/request.js:1048:10)
22 silly fetchPackageMetaData     at emitOne (events.js:96:13)
22 silly fetchPackageMetaData     at Request.emit (events.js:188:7)
22 silly fetchPackageMetaData     at IncomingMessage.<anonymous> (/Users/Will/.nvm/versions/node/v6.9.5/lib/node_modules/npm/node_modules/request/request.js:969:12) pkgid: 'nexus', statusCode: 404, code: 'E404' }
23 silly rollbackFailedOptional Starting
24 silly rollbackFailedOptional Finishing
25 silly runTopLevelLifecycles Finishing
26 silly install printInstalled
27 verbose stack Error: Not found : nexus
27 verbose stack     at makeError (/Users/Will/.nvm/versions/node/v6.9.5/lib/node_modules/npm/node_modules/npm-registry-client/lib/request.js:302:12)
27 verbose stack     at CachingRegistryClient.<anonymous> (/Users/Will/.nvm/versions/node/v6.9.5/lib/node_modules/npm/node_modules/npm-registry-client/lib/request.js:290:14)
27 verbose stack     at Request._callback (/Users/Will/.nvm/versions/node/v6.9.5/lib/node_modules/npm/node_modules/npm-registry-client/lib/request.js:210:14)
27 verbose stack     at Request.self.callback (/Users/Will/.nvm/versions/node/v6.9.5/lib/node_modules/npm/node_modules/request/request.js:187:22)
27 verbose stack     at emitTwo (events.js:106:13)
27 verbose stack     at Request.emit (events.js:191:7)
27 verbose stack     at Request.<anonymous> (/Users/Will/.nvm/versions/node/v6.9.5/lib/node_modules/npm/node_modules/request/request.js:1048:10)
27 verbose stack     at emitOne (events.js:96:13)
27 verbose stack     at Request.emit (events.js:188:7)
27 verbose stack     at IncomingMessage.<anonymous> (/Users/Will/.nvm/versions/node/v6.9.5/lib/node_modules/npm/node_modules/request/request.js:969:12)
28 verbose statusCode 404
29 verbose pkgid nexus
30 verbose cwd /Users/Will/exp/draftz
31 error Darwin 15.6.0
32 error argv "/Users/Will/.nvm/versions/node/v6.9.5/bin/node" "/Users/Will/.nvm/versions/node/v6.9.5/bin/npm" "install" "stubby4node" "--save-dev"
33 error node v6.9.5
34 error npm  v3.10.10
35 error code E404
36 error 404 Not found : nexus
37 error 404
38 error 404 'nexus' is not in the npm registry.
39 error 404 You should bug the author to publish it (or use the name yourself!)
40 error 404 Note that you can also install from a
41 error 404 tarball, folder, http url, or git url.
42 verbose exit [ 1, true ]
